ERROR(2): Symbol 's' is not defined.
ERROR(2): Initializer for variable 's' is not a constant expression.
ERROR(2): Variable 't' is of type int but is being initialized with an expression of type char.
ERROR(2): Variable 'u' is of type int but is being initialized with an expression of type char.
ERROR(LINKER): Procedure main is not defined.
Func input returns type int [type int] [line: -1]
Sibling: 0  Func output returns type void [type void] [line: -1]
!   Child: 0  Param *dummy* of type int [type int] [line: -1]
Sibling: 1  Func inputb returns type bool [type bool] [line: -1]
Sibling: 2  Func outputb returns type void [type void] [line: -1]
!   Child: 0  Param *dummy* of type bool [type bool] [line: -1]
Sibling: 3  Func inputc returns type char [type char] [line: -1]
Sibling: 4  Func outputc returns type void [type void] [line: -1]
!   Child: 0  Param *dummy* of type char [type char] [line: -1]
Sibling: 5  Func outnl returns type void [type void] [line: -1]
Sibling: 6  Var s of type int [type int] [line: 2]
!   Child: 0  Id: s [undefined type] [line: 2]
Sibling: 7  Var t of type int [type int] [line: 2]
!   Child: 0  Const: '"' [type char] [line: 2]
Sibling: 8  Var u of type int [type int] [line: 2]
!   Child: 0  Const: ''' [type char] [line: 2]
Number of warnings: 0
Number of errors: 5